The system is: Windows - 10.0.22000 - AMD64
Compiling the C compiler identification source file "CMakeCCompilerId.c" succeeded.
Compiler: C:/Program Files (x86)/Microsoft Visual Studio/2017/BuildTools/VC/Tools/MSVC/14.16.27023/bin/Hostx86/x86/cl.exe 
Build flags: 
Id flags:  

The output was:
0
Microsoft (R) C/C++ Optimizing Compiler Versão 19.16.27045 para x86
Copyright (C) Microsoft Corporation. Todos os direitos reservados.

CMakeCCompilerId.c
Microsoft (R) Incremental Linker Version 14.16.27045.0
Copyright (C) Microsoft Corporation.  All rights reserved.

/out:CMakeCCompilerId.exe 
CMakeCCompilerId.obj 


Compilation of the C compiler identification source "CMakeCCompilerId.c" produced "CMakeCCompilerId.exe"

Compilation of the C compiler identification source "CMakeCCompilerId.c" produced "CMakeCCompilerId.obj"

The C compiler identification is MSVC, found in "C:/Users/guilh/Documents/UFV/2021.2/CCF211/TP2/cmake-build-debug/CMakeFiles/3.21.1/CompilerIdC/CMakeCCompilerId.exe"

Detecting C compiler ABI info compiled with the following output:
Change Dir: C:/Users/guilh/Documents/UFV/2021.2/CCF211/TP2/cmake-build-debug/CMakeFiles/CMakeTmp

Run Build Command(s):C:/Users/guilh/AppData/Local/JetBrains/Toolbox/apps/CLion/ch-0/213.6777.58/bin/ninja/win/ninja.exe cmTC_993cd && [1/2] Building C object CMakeFiles\cmTC_993cd.dir\CMakeCCompilerABI.c.obj
Observação: incluindo arquivo: c:\users\guilh\appdata\local\jetbrains\toolbox\apps\clion\ch-0\213.6777.58\bin\cmake\win\share\cmake-3.21\modules\CMakeCompilerABI.h
[2/2] Linking C executable cmTC_993cd.exe



